2025-07-02 15:05:22,622 INFO:Starting LeadBot application
2025-07-02 15:05:22,848 INFO:LeadBot application started successfully
2025-07-02 15:08:15,220 DEBUG:Starting LeadBot application
2025-07-02 15:08:15,325 DEBUG:Tkinter main window created
2025-07-02 15:08:15,481 DEBUG:LeadBot application started successfully
2025-07-02 15:20:12,275 DEBUG:Starting LeadBot application
2025-07-02 15:20:12,920 DEBUG:Tkinter main window created
2025-07-02 15:20:13,092 DEBUG:LeadBot application started successfully
2025-07-02 15:22:28,364 DEBUG:Starting LeadBot application
2025-07-02 15:22:28,466 DEBUG:Tkinter main window created
2025-07-02 15:22:28,629 DEBUG:LeadBot application started successfully
2025-07-02 15:22:34,103 DEBUG:Starting LeadBot application
2025-07-02 15:22:34,212 DEBUG:Tkinter main window created
2025-07-02 15:22:34,315 DEBUG:LeadBot application started successfully
2025-07-02 15:23:35,611 DEBUG:Starting LeadBot application
2025-07-02 15:23:35,707 DEBUG:Tkinter main window created
2025-07-02 15:23:35,962 DEBUG:LeadBot application started successfully
2025-07-02 15:24:29,526 DEBUG:Starting LeadBot application
2025-07-02 15:24:29,633 DEBUG:Tkinter main window created
2025-07-02 15:24:29,858 DEBUG:LeadBot application started successfully
2025-07-02 15:25:01,911 DEBUG:Starting LeadBot application
2025-07-02 15:25:02,050 DEBUG:Tkinter main window created
2025-07-02 15:25:02,266 DEBUG:LeadBot application started successfully
